<?xml version="1.0" encoding="UTF-8"?>
<testng-results ignored="0" total="1" passed="1" failed="0" skipped="0">
  <reporter-output>
  </reporter-output>
  <suite started-at="2023-08-10T19:37:20 IST" name="Default suite" finished-at="2023-08-10T19:37:20 IST" duration-ms="128">
    <groups>
    </groups>
    <test started-at="2023-08-10T19:37:20 IST" name="Default test" finished-at="2023-08-10T19:37:20 IST" duration-ms="128">
      <class name="udb.testcases.CreateUser">
        <test-method is-config="true" signature="beforeTest()[pri:0, instance:udb.testcases.CreateUser@221a3fa4]" started-at="2023-08-10T19:37:20 IST" name="beforeTest" finished-at="2023-08-10T19:37:20 IST" duration-ms="11" status="PASS">
          <reporter-output>
          </reporter-output>
        </test-method> <!-- beforeTest -->
        <test-method signature="verifyCreateUser(java.util.HashMap)[pri:0, instance:udb.testcases.CreateUser@221a3fa4]" started-at="2023-08-10T19:37:20 IST" name="verifyCreateUser" data-provider="csvDataProvider" finished-at="2023-08-10T19:37:20 IST" duration-ms="9" status="PASS">
          <params>
            <param index="0">
              <value>
                <![CDATA[{TestCaseNo=TC103, Execution=Positive, HttpMethod=POST, Request="name":"Rbs","gender":"male","email":"rbs@15ce.com","status":"active", HttpUrl=, Description=, Expected Response Code=}]]>
              </value>
            </param>
          </params>
          <reporter-output>
          </reporter-output>
        </test-method> <!-- verifyCreateUser -->
        <test-method is-config="true" signature="afterTest()[pri:0, instance:udb.testcases.CreateUser@221a3fa4]" started-at="2023-08-10T19:37:20 IST" name="afterTest" finished-at="2023-08-10T19:37:20 IST" duration-ms="2" status="PASS">
          <reporter-output>
          </reporter-output>
        </test-method> <!-- afterTest -->
      </class> <!-- udb.testcases.CreateUser -->
    </test> <!-- Default test -->
  </suite> <!-- Default suite -->
</testng-results>
