<?xml version="1.0" encoding="UTF-8"?>
<testng-results ignored="0" total="1" passed="1" failed="0" skipped="0">
  <reporter-output>
  </reporter-output>
  <suite started-at="2023-08-09T14:22:44 IST" name="Default suite" finished-at="2023-08-09T14:22:47 IST" duration-ms="2702">
    <groups>
    </groups>
    <test started-at="2023-08-09T14:22:44 IST" name="Default test" finished-at="2023-08-09T14:22:47 IST" duration-ms="2702">
      <class name="udb.testcases.TestGetAllUsers">
        <test-method is-config="true" signature="beforeTest()[pri:0, instance:udb.testcases.TestGetAllUsers@221a3fa4]" started-at="2023-08-09T14:22:44 IST" name="beforeTest" finished-at="2023-08-09T14:22:44 IST" duration-ms="14" status="PASS">
          <reporter-output>
          </reporter-output>
        </test-method> <!-- beforeTest -->
        <test-method signature="verifyGetAllUsersAPI()[pri:0, instance:udb.testcases.TestGetAllUsers@221a3fa4]" started-at="2023-08-09T14:22:44 IST" name="verifyGetAllUsersAPI" finished-at="2023-08-09T14:22:47 IST" duration-ms="2636" status="PASS">
          <reporter-output>
          </reporter-output>
        </test-method> <!-- verifyGetAllUsersAPI -->
        <test-method is-config="true" signature="afterTest()[pri:0, instance:udb.testcases.TestGetAllUsers@221a3fa4]" started-at="2023-08-09T14:22:47 IST" name="afterTest" finished-at="2023-08-09T14:22:47 IST" duration-ms="0" status="PASS">
          <reporter-output>
          </reporter-output>
        </test-method> <!-- afterTest -->
      </class> <!-- udb.testcases.TestGetAllUsers -->
    </test> <!-- Default test -->
  </suite> <!-- Default suite -->
</testng-results>
